Determining if the pthread_create exist failed with the following output:
Change Dir: /home/pi/src/Pixy-SIW/pixy/src/host/hello_pixy/CMakeFiles/CMakeTmp

Run Build Command:"/usr/bin/make" "cmTC_bc298/fast"
/usr/bin/make -f CMakeFiles/cmTC_bc298.dir/build.make CMakeFiles/cmTC_bc298.dir/build
make[1]: Entering directory '/home/pi/src/Pixy-SIW/pixy/src/host/hello_pixy/CMakeFiles/CMakeTmp'
Building CXX object CMakeFiles/cmTC_bc298.dir/CheckSymbolExists.cxx.o
/usr/bin/c++     -o CMakeFiles/cmTC_bc298.dir/CheckSymbolExists.cxx.o -c /home/pi/src/Pixy-SIW/pixy/src/host/hello_pixy/CMakeFiles/CMakeTmp/CheckSymbolExists.cxx
Linking CXX executable cmTC_bc298
/usr/bin/cmake -E cmake_link_script CMakeFiles/cmTC_bc298.dir/link.txt --verbose=1
/usr/bin/c++       -rdynamic CMakeFiles/cmTC_bc298.dir/CheckSymbolExists.cxx.o  -o cmTC_bc298 
/usr/bin/ld: CMakeFiles/cmTC_bc298.dir/CheckSymbolExists.cxx.o: in function `main':
CheckSymbolExists.cxx:(.text+0x38): undefined reference to `pthread_create'
collect2: error: ld returned 1 exit status
make[1]: *** [CMakeFiles/cmTC_bc298.dir/build.make:87: cmTC_bc298] Error 1
make[1]: Leaving directory '/home/pi/src/Pixy-SIW/pixy/src/host/hello_pixy/CMakeFiles/CMakeTmp'
make: *** [Makefile:121: cmTC_bc298/fast] Error 2

File /home/pi/src/Pixy-SIW/pixy/src/host/hello_pixy/CMakeFiles/CMakeTmp/CheckSymbolExists.cxx:
/* */
#include <pthread.h>

int main(int argc, char** argv)
{
  (void)argv;
#ifndef pthread_create
  return ((int*)(&pthread_create))[argc];
#else
  (void)argc;
  return 0;
#endif
}

Determining if the function pthread_create exists in the pthreads failed with the following output:
Change Dir: /home/pi/src/Pixy-SIW/pixy/src/host/hello_pixy/CMakeFiles/CMakeTmp

Run Build Command:"/usr/bin/make" "cmTC_d3cf6/fast"
/usr/bin/make -f CMakeFiles/cmTC_d3cf6.dir/build.make CMakeFiles/cmTC_d3cf6.dir/build
make[1]: Entering directory '/home/pi/src/Pixy-SIW/pixy/src/host/hello_pixy/CMakeFiles/CMakeTmp'
Building CXX object CMakeFiles/cmTC_d3cf6.dir/CheckFunctionExists.cxx.o
/usr/bin/c++    -DCHECK_FUNCTION_EXISTS=pthread_create   -o CMakeFiles/cmTC_d3cf6.dir/CheckFunctionExists.cxx.o -c /home/pi/src/Pixy-SIW/pixy/src/host/hello_pixy/CMakeFiles/CheckLibraryExists/CheckFunctionExists.cxx
Linking CXX executable cmTC_d3cf6
/usr/bin/cmake -E cmake_link_script CMakeFiles/cmTC_d3cf6.dir/link.txt --verbose=1
/usr/bin/c++   -DCHECK_FUNCTION_EXISTS=pthread_create    -rdynamic CMakeFiles/cmTC_d3cf6.dir/CheckFunctionExists.cxx.o  -o cmTC_d3cf6 -lpthreads 
/usr/bin/ld: cannot find -lpthreads
collect2: error: ld returned 1 exit status
make[1]: *** [CMakeFiles/cmTC_d3cf6.dir/build.make:87: cmTC_d3cf6] Error 1
make[1]: Leaving directory '/home/pi/src/Pixy-SIW/pixy/src/host/hello_pixy/CMakeFiles/CMakeTmp'
make: *** [Makefile:121: cmTC_d3cf6/fast] Error 2


